{"name": "test_div_float", "status": "failed", "statusDetails": {"message": "AssertionError: assert 3.3333333333333335 == 3.33\n +  where 3.3333333333333335 = div(10, 3)", "trace": "def test_div_float():\n>       assert div(10, 3) == 3.33\nE       assert 3.3333333333333335 == 3.33\nE        +  where 3.3333333333333335 = div(10, 3)\n\nUnit\\test_div.py:25: AssertionError"}, "start": 1607338044809, "stop": 1607338044809, "uuid": "64b5cd6e-10d8-47b8-90d4-7e7ca5936716", "historyId": "b596fa94399c301c7a66e4e7b5b026f6", "testCaseId": "1e8d9fde4e2bca6dcd505fa88b3afdb7", "fullName": "Unit.test_div#test_div_float", "labels": [{"name": "parentSuite", "value": "Unit"}, {"name": "suite", "value": "test_div"}, {"name": "host", "value": "P80230531"}, {"name": "thread", "value": "17456-MainThread"}, {"name": "framework", "value": "pytest"}, {"name": "language", "value": "cpython3"}, {"name": "package", "value": "Unit.test_div"}]}