{
  "uid" : "b621d6824d446b43",
  "name" : "test_four",
  "fullName" : "Unit.test_fixture.TestCase#test_four",
  "historyId" : "e70f8fa5b69bd98e1c40ffda4b040e94",
  "time" : {
    "start" : 1607484686610,
    "stop" : 1607484686610,
    "duration" : 0
  },
  "status" : "failed",
  "statusMessage" : "AssertionError: assert False\n +  where False = hasattr('hello', 'check')",
  "statusTrace" : "self = <Unit.test_fixture.TestCase object at 0x0000022151B0A308>\n\n    def test_four(self):\n        print(\"正在执行----test_four\")\n        x = \"hello\"\n>       assert hasattr(x, 'check')\nE       AssertionError: assert False\nE        +  where False = hasattr('hello', 'check')\n\nUnit\\test_fixture.py:66: AssertionError",
  "flaky" : false,
  "newFailed" : false,
  "beforeStages" : [ {
    "name" : "_Module__pytest_setup_module",
    "time" : {
      "start" : 1607484686593,
      "stop" : 1607484686593,
      "duration" : 0
    },
    "status" : "passed",
    "steps" : [ ],
    "attachments" : [ ],
    "parameters" : [ ],
    "hasContent" : false,
    "stepsCount" : 0,
    "attachmentsCount" : 0,
    "shouldDisplayMessage" : false
  }, {
    "name" : "_Class__pytest_setup_class",
    "time" : {
      "start" : 1607484686605,
      "stop" : 1607484686606,
      "duration" : 1
    },
    "status" : "passed",
    "steps" : [ ],
    "attachments" : [ ],
    "parameters" : [ ],
    "hasContent" : false,
    "stepsCount" : 0,
    "attachmentsCount" : 0,
    "shouldDisplayMessage" : false
  }, {
    "name" : "_Class__pytest_setup_method",
    "time" : {
      "start" : 1607484686610,
      "stop" : 1607484686610,
      "duration" : 0
    },
    "status" : "passed",
    "steps" : [ ],
    "attachments" : [ ],
    "parameters" : [ ],
    "hasContent" : false,
    "stepsCount" : 0,
    "attachmentsCount" : 0,
    "shouldDisplayMessage" : false
  }, {
    "name" : "_Module__pytest_setup_function",
    "time" : {
      "start" : 1607484686609,
      "stop" : 1607484686609,
      "duration" : 0
    },
    "status" : "passed",
    "steps" : [ ],
    "attachments" : [ ],
    "parameters" : [ ],
    "hasContent" : false,
    "stepsCount" : 0,
    "attachmentsCount" : 0,
    "shouldDisplayMessage" : false
  } ],
  "testStage" : {
    "status" : "failed",
    "statusMessage" : "AssertionError: assert False\n +  where False = hasattr('hello', 'check')",
    "statusTrace" : "self = <Unit.test_fixture.TestCase object at 0x0000022151B0A308>\n\n    def test_four(self):\n        print(\"正在执行----test_four\")\n        x = \"hello\"\n>       assert hasattr(x, 'check')\nE       AssertionError: assert False\nE        +  where False = hasattr('hello', 'check')\n\nUnit\\test_fixture.py:66: AssertionError",
    "steps" : [ ],
    "attachments" : [ {
      "uid" : "c5c44e0a143d4974",
      "name" : "stdout",
      "source" : "c5c44e0a143d4974.txt",
      "type" : "text/plain",
      "size" : 253
    } ],
    "parameters" : [ ],
    "hasContent" : true,
    "stepsCount" : 0,
    "attachmentsCount" : 1,
    "shouldDisplayMessage" : true
  },
  "afterStages" : [ {
    "name" : "_Module__pytest_setup_module::0",
    "time" : {
      "start" : 1607484686615,
      "stop" : 1607484686615,
      "duration" : 0
    },
    "status" : "passed",
    "steps" : [ ],
    "attachments" : [ ],
    "parameters" : [ ],
    "hasContent" : false,
    "stepsCount" : 0,
    "attachmentsCount" : 0,
    "shouldDisplayMessage" : false
  }, {
    "name" : "_Class__pytest_setup_class::0",
    "time" : {
      "start" : 1607484686614,
      "stop" : 1607484686614,
      "duration" : 0
    },
    "status" : "passed",
    "steps" : [ ],
    "attachments" : [ ],
    "parameters" : [ ],
    "hasContent" : false,
    "stepsCount" : 0,
    "attachmentsCount" : 0,
    "shouldDisplayMessage" : false
  }, {
    "name" : "_Class__pytest_setup_method::0",
    "time" : {
      "start" : 1607484686613,
      "stop" : 1607484686613,
      "duration" : 0
    },
    "status" : "passed",
    "steps" : [ ],
    "attachments" : [ ],
    "parameters" : [ ],
    "hasContent" : false,
    "stepsCount" : 0,
    "attachmentsCount" : 0,
    "shouldDisplayMessage" : false
  }, {
    "name" : "_Module__pytest_setup_function::0",
    "time" : {
      "start" : 1607484686614,
      "stop" : 1607484686614,
      "duration" : 0
    },
    "status" : "passed",
    "steps" : [ ],
    "attachments" : [ ],
    "parameters" : [ ],
    "hasContent" : false,
    "stepsCount" : 0,
    "attachmentsCount" : 0,
    "shouldDisplayMessage" : false
  } ],
  "labels" : [ {
    "name" : "parentSuite",
    "value" : "Unit"
  }, {
    "name" : "suite",
    "value" : "test_fixture"
  }, {
    "name" : "subSuite",
    "value" : "TestCase"
  }, {
    "name" : "host",
    "value" : "P80230531"
  }, {
    "name" : "thread",
    "value" : "10040-MainThread"
  }, {
    "name" : "framework",
    "value" : "pytest"
  }, {
    "name" : "language",
    "value" : "cpython3"
  }, {
    "name" : "package",
    "value" : "Unit.test_fixture"
  }, {
    "name" : "resultFormat",
    "value" : "allure2"
  } ],
  "parameters" : [ ],
  "links" : [ ],
  "hidden" : false,
  "retry" : false,
  "extra" : {
    "severity" : "normal",
    "retries" : [ ],
    "categories" : [ {
      "name" : "Product defects",
      "matchedStatuses" : [ ],
      "flaky" : false
    } ],
    "tags" : [ ]
  },
  "source" : "b621d6824d446b43.json",
  "parameterValues" : [ ]
}